I'm sorry, but an uncaught exception occurred.

Compiling ATL code at game/script.rpy:76
  File "game/script.rpy", line 75, in script
    show chuhee idle at center with dissolve:
Exception: Expression '0.7' is not an ATL transform, and so cannot be included in an ATL interpolation.

-- Full Traceback ------------------------------------------------------------

Full traceback:
  File "game/script.rpy", line 75, in script
    show chuhee idle at center with dissolve:
  File "C:\Users\dswhd\Documents\saksinsiksasasikji\Ren\renpy-8.0.3-sdk\renpy\ast.py", line 1408, in execute
    show_imspec(self.imspec, atl=getattr(self, "atl", None))
  File "C:\Users\dswhd\Documents\saksinsiksasasikji\Ren\renpy-8.0.3-sdk\renpy\ast.py", line 1371, in show_imspec
    renpy.config.show(name,
  File "C:\Users\dswhd\Documents\saksinsiksasasikji\Ren\renpy-8.0.3-sdk\renpy\exports.py", line 712, in show
    sls.add(layer, img, key, zorder, behind, at_list=at_list, name=name, atl=atl, default_transform=default_transform, transient=transient)
  File "C:\Users\dswhd\Documents\saksinsiksasasikji\Ren\renpy-8.0.3-sdk\renpy\display\core.py", line 1165, in add
    thing.visit_all(lambda d : None)
  File "C:\Users\dswhd\Documents\saksinsiksasasikji\Ren\renpy-8.0.3-sdk\renpy\display\core.py", line 572, in visit_all
    for d in self.visit():
  File "C:\Users\dswhd\Documents\saksinsiksasasikji\Ren\renpy-8.0.3-sdk\renpy\atl.py", line 614, in visit
    block = self.compile()
  File "C:\Users\dswhd\Documents\saksinsiksasasikji\Ren\renpy-8.0.3-sdk\renpy\atl.py", line 521, in compile
    block = self.atl.compile(self.context)
  File "C:\Users\dswhd\Documents\saksinsiksasasikji\Ren\renpy-8.0.3-sdk\renpy\atl.py", line 721, in compile
    statements = [ i.compile(ctx) for i in self.statements ]
  File "C:\Users\dswhd\Documents\saksinsiksasasikji\Ren\renpy-8.0.3-sdk\renpy\atl.py", line 721, in <listcomp>
    statements = [ i.compile(ctx) for i in self.statements ]
  File "C:\Users\dswhd\Documents\saksinsiksasasikji\Ren\renpy-8.0.3-sdk\renpy\atl.py", line 1024, in compile
    raise Exception("Expression %r is not an ATL transform, and so cannot be included in an ATL interpolation." % expr)
Exception: Expression '0.7' is not an ATL transform, and so cannot be included in an ATL interpolation.

Windows-10-10.0.19045 AMD64
Ren'Py 8.0.3.22090809
프로젝트: 벌레캠프! 
Mon Dec 26 17:20:42 2022
